<?xml version="1.0" encoding="UTF-8"?>
<!-- Generated by org.testng.reporters.JUnitReportReporter -->
<testsuite hostname="praneeth" failures="0" tests="5" name="com.praneeth.EbayTest" time="244.165" errors="0" timestamp="13 Mar 2024 01:24:40 GMT" skipped="0">
  <testcase classname="com.praneeth.EbayTest" name="printAllProductsWithScroll" time="15.261"/>
  <testcase classname="com.praneeth.EbayTest" name="printNthProduct" time="18.002"/>
  <testcase classname="com.praneeth.EbayTest" name="printSearchResults" time="182.110"/>
  <testcase classname="com.praneeth.EbayTest" name="ebayValidateWatches" time="14.590"/>
  <testcase classname="com.praneeth.EbayTest" name="printAllProductsFromFirstPage" time="14.202"/>
</testsuite> <!-- com.praneeth.EbayTest -->
