<?xml version="1.0" encoding="UTF-8"?>
<!-- Generated by org.testng.reporters.JUnitReportReporter -->
<testsuite hostname="praneeth" failures="0" tests="2" name="com.praneeth.CircleTest" time="0.002" errors="0" timestamp="13 Mar 2024 01:24:40 GMT" skipped="0">
  <testcase classname="com.praneeth.CircleTest" name="calculateArea" time="0.001"/>
  <testcase classname="com.praneeth.CircleTest" name="calculatePerimeter" time="0.001"/>
</testsuite> <!-- com.praneeth.CircleTest -->
