<?xml version="1.0" encoding="UTF-8"?>
<!-- Generated by org.testng.reporters.JUnitReportReporter -->
<testsuite hostname="praneeth" failures="0" tests="1" name="com.praneeth.CarTest" time="0.028" errors="0" timestamp="13 Mar 2024 01:24:40 GMT" skipped="0">
  <testcase classname="com.praneeth.CarTest" name="testCarMethods" time="0.028"/>
</testsuite> <!-- com.praneeth.CarTest -->
